<?xml version="1.0" encoding="UTF-8" ?>
<testsuite tests="5" failures="0" name="com.drmilk.nbawrapper.domain.PlayerTest" time="2.858" errors="0" skipped="0">
  <properties>
[...]
</properties>
  <testcase classname="com.drmilk.nbawrapper.domain.PlayerTest" name="testSearchRussellWestbrook" time="0.947"/>
  <testcase classname="com.drmilk.nbawrapper.domain.PlayerTest" name="testGetPlayerFromInvalidPersonId" time="0.443"/>
  <testcase classname="com.drmilk.nbawrapper.domain.PlayerTest" name="testGetDennisSchroderShortProfileFromPersonId" time="0.272"/>
  <testcase classname="com.drmilk.nbawrapper.domain.PlayerTest" name="testGetDennisSchroderFromPersonId" time="0.73"/>
  <testcase classname="com.drmilk.nbawrapper.domain.PlayerTest" name="testSearchLebronJames" time="0.466"/>
</testsuite>